
Running 40 tests using 1 worker

  ok  1 [chromium] › e2e\00-visual\main-screen.spec.js:4:1 › battlefield layout matches the baseline (7.5s)
  ok  2 [chromium] › e2e\00-visual\secondary-pages.spec.js:4:1 › lobby layout matches the baseline (4.8s)
  ok  3 [chromium] › e2e\00-visual\secondary-pages.spec.js:17:1 › new game setup layout matches the baseline (2.7s)
  ok  4 [chromium] › e2e\00-visual\secondary-pages.spec.js:28:1 › profile layout matches the baseline without a session (2.1s)
  ok  5 [chromium] › e2e\00-visual\world-classic-board.spec.js:38:3 › world classic armies stay visually centered at desktop (9.6s)
  ok  6 [chromium] › e2e\00-visual\world-classic-board.spec.js:38:3 › world classic armies stay visually centered at laptop (8.0s)
  ok  7 [chromium] › e2e\00-visual\world-classic-board.spec.js:38:3 › world classic armies stay visually centered at tablet (7.8s)
  ok  8 [chromium] › e2e\gameplay\ai-turn-flow.spec.js:9:1 › human player can end turn and watch the AI complete its turn automatically (12.5s)
  ok  9 [chromium] › e2e\gameplay\attack-conquest-flow.spec.js:11:1 › current player can conquer a territory and move armies after combat (18.0s)
  ok 10 [chromium] › e2e\gameplay\attack-dice-default.spec.js:45:1 › attack dice default tracks the maximum allowed for the selected territory (6.4s)
  ok 11 [chromium] › e2e\gameplay\attack-dice-request.spec.js:45:1 › attack UI sends the selected dice count to the backend (7.1s)
  ok 12 [chromium] › e2e\gameplay\authorization-direct-route-denied.spec.js:4:1 › non-member user cannot open a protected game from a direct game route (9.8s)
  ok 13 [chromium] › e2e\gameplay\authorization-open-denied.spec.js:4:1 › non-member user cannot open a protected game from the lobby (14.0s)
  ok 14 [chromium] › e2e\gameplay\card-reward-sync.spec.js:41:1 › game page refreshes player hand after an action updates card rewards (6.2s)
  ok 15 [chromium] › e2e\gameplay\card-trade-inline-error.spec.js:45:1 › game page shows an inline trade error and clears it on selection change (7.0s)
  ok 16 [chromium] › e2e\gameplay\card-trade-panel.spec.js:42:1 › game page lets the authenticated player select 3 cards and submit a trade (7.1s)
  ok 17 [chromium] › e2e\gameplay\card-trade-success.spec.js:41:1 › game page shows inline success after a valid trade and clears it on reselection (7.4s)
  ok 18 [chromium] › e2e\gameplay\combat-dice-panel.spec.js:88:1 › game page shows the latest combat dice result from public state (5.4s)
  ok 19 [chromium] › e2e\gameplay\cross-game-isolation.spec.js:15:1 › opening another game does not switch already connected clients to a different match (15.1s)
  ok 20 [chromium] › e2e\gameplay\fortify-turn-handoff.spec.js:11:1 › current player can fortify once and pass the turn to the next player (20.1s)
  ok 21 [chromium] › e2e\gameplay\game-session-flow.spec.js:4:1 › user can create a new game, see it in the list, and open it immediately (23.2s)
  ok 22 [chromium] › e2e\gameplay\lobby-join-available-game.spec.js:4:1 › user can join an available lobby game directly from the lobby list (16.7s)
  ok 23 [chromium] › e2e\gameplay\new-game-setup-validation.spec.js:4:1 › new game setup shows a clear error when the selected map becomes invalid (4.2s)
  ok 24 [chromium] › e2e\gameplay\new-game-setup.spec.js:4:1 › new game setup keeps player 1 locked as creator and creates the configured session (7.1s)
  ok 25 [chromium] › e2e\gameplay\new-game-setup.spec.js:42:1 › new game setup creates and renders the selected Middle-earth map (8.6s)
  ok 26 [chromium] › e2e\gameplay\new-game-setup.spec.js:68:1 › new game setup creates and renders the selected World Classic map (6.8s)
  ok 27 [chromium] › e2e\gameplay\reinforcement-flow.spec.js:4:1 › current player can distribute reinforcements and enter attack step (14.5s)
  ok 28 [chromium] › e2e\gameplay\relogin-player-binding.spec.js:4:1 › existing game keeps the same player binding after logout and login again (19.0s)
  ok 29 [chromium] › e2e\gameplay\turn-guard.spec.js:4:1 › non-current player stays in observation and cannot use turn actions (12.6s)
  ok 30 [chromium] › e2e\gameplay\version-conflict.spec.js:4:1 › stale game tab reloads latest state after a version conflict (17.2s)
  ok 31 [chromium] › e2e\layout\auth-cross-page.spec.js:4:1 › auth status and logout stay coherent across Game, Lobby, and Profile (14.5s)
  ok 32 [chromium] › e2e\layout\header-blueprint-secondary-pages.spec.js:4:1 › lobby and profile headers follow the shared single-row blueprint (8.0s)
  ok 33 [chromium] › e2e\layout\header-blueprint.spec.js:4:1 › game header follows the single-row blueprint (4.6s)
  ok 34 [chromium] › e2e\layout\main-layout.spec.js:4:1 › main layout exposes core regions (2.7s)
  ok 35 [chromium] › e2e\map\territory-selection.spec.js:4:1 › territory selection updates action controls for the current player (11.8s)
  ok 36 [chromium] › e2e\profile\profile-empty-state.spec.js:4:1 › profile page shows a clear empty state for an authenticated user with no history (2.2s)
  ok 37 [chromium] › e2e\profile\profile-error-without-session.spec.js:3:1 › profile page shows a clear error state when no session is available (1.7s)
  ok 38 [chromium] › e2e\profile\profile-loading-state.spec.js:4:1 › profile page shows a loading state while the profile payload is still pending (2.4s)
  ok 39 [chromium] › e2e\profile\profile-participating-games.spec.js:4:1 › profile page lists participating games and opens the selected game route (4.6s)
  ok 40 [chromium] › e2e\smoke\app-load.spec.js:4:1 › main page loads (2.7s)

  40 passed (6.2m)
